0 info it worked if it ends with ok
1 verbose cli [ 'node', '/usr/bin/npm', 'install', 'bootstrap' ]
2 info using npm@3.7.5
3 info using node@v0.10.42
4 verbose node symlink /usr/bin/node
5 silly loadCurrentTree Starting
6 silly install loadCurrentTree
7 silly install readLocalPackageData
8 silly fetchPackageMetaData bootstrap
9 silly fetchNamedPackageData bootstrap
10 silly mapToRegistry name bootstrap
11 silly mapToRegistry using default registry
12 silly mapToRegistry registry https://registry.npmjs.org/
13 silly mapToRegistry uri https://registry.npmjs.org/bootstrap
14 verbose request uri https://registry.npmjs.org/bootstrap
15 verbose request no auth needed
16 info attempt registry request try #1 at 01:14:44
17 verbose request id b2f66a82ab76325f
18 http request GET https://registry.npmjs.org/bootstrap
19 http 200 https://registry.npmjs.org/bootstrap
20 verbose headers { server: 'CouchDB/1.5.0 (Erlang OTP/R16B03)',
20 verbose headers   etag: '"35RPSIAJ5T4PEJ4MNIPXQ3BST"',
20 verbose headers   'content-type': 'application/json',
20 verbose headers   'cache-control': 'max-age=300',
20 verbose headers   'content-length': '31248',
20 verbose headers   'accept-ranges': 'bytes',
20 verbose headers   date: 'Sun, 28 Feb 2016 19:44:45 GMT',
20 verbose headers   via: '1.1 varnish',
20 verbose headers   age: '0',
20 verbose headers   connection: 'keep-alive',
20 verbose headers   'x-served-by': 'cache-sin6927-SIN',
20 verbose headers   'x-cache': 'HIT',
20 verbose headers   'x-cache-hits': '1',
20 verbose headers   'x-timer': 'S1456688684.829345,VS0,VE991',
20 verbose headers   vary: 'Accept' }
21 silly get cb [ 200,
21 silly get   { server: 'CouchDB/1.5.0 (Erlang OTP/R16B03)',
21 silly get     etag: '"35RPSIAJ5T4PEJ4MNIPXQ3BST"',
21 silly get     'content-type': 'application/json',
21 silly get     'cache-control': 'max-age=300',
21 silly get     'content-length': '31248',
21 silly get     'accept-ranges': 'bytes',
21 silly get     date: 'Sun, 28 Feb 2016 19:44:45 GMT',
21 silly get     via: '1.1 varnish',
21 silly get     age: '0',
21 silly get     connection: 'keep-alive',
21 silly get     'x-served-by': 'cache-sin6927-SIN',
21 silly get     'x-cache': 'HIT',
21 silly get     'x-cache-hits': '1',
21 silly get     'x-timer': 'S1456688684.829345,VS0,VE991',
21 silly get     vary: 'Accept' } ]
22 verbose get saving bootstrap to /home/shreya/.npm/registry.npmjs.org/bootstrap/.cache.json
23 verbose correctMkdir /home/shreya/.npm correctMkdir not in flight; initializing
24 silly install normalizeTree
25 silly loadCurrentTree Finishing
26 silly loadIdealTree Starting
27 silly install loadIdealTree
28 silly cloneCurrentTree Starting
29 silly install cloneCurrentTreeToIdealTree
30 silly cloneCurrentTree Finishing
31 silly loadShrinkwrap Starting
32 silly install loadShrinkwrap
33 silly loadShrinkwrap Finishing
34 silly loadAllDepsIntoIdealTree Starting
35 silly install loadAllDepsIntoIdealTree
36 silly resolveWithNewModule bootstrap@3.3.6 checking installable status
37 silly cache add args [ 'bootstrap', null ]
38 verbose cache add spec bootstrap
39 silly cache add parsed spec { raw: 'bootstrap',
39 silly cache add   scope: null,
39 silly cache add   name: 'bootstrap',
39 silly cache add   rawSpec: '',
39 silly cache add   spec: 'latest',
39 silly cache add   type: 'tag' }
40 silly addNamed bootstrap@latest
41 verbose addNamed "latest" is being treated as a dist-tag for bootstrap
42 info addNameTag [ 'bootstrap', 'latest' ]
43 silly mapToRegistry name bootstrap
44 silly mapToRegistry using default registry
45 silly mapToRegistry registry https://registry.npmjs.org/
46 silly mapToRegistry uri https://registry.npmjs.org/bootstrap
47 verbose addNameTag registry:https://registry.npmjs.org/bootstrap not in flight; fetching
48 verbose get https://registry.npmjs.org/bootstrap not expired, no request
49 silly addNameTag next cb for bootstrap with tag latest
50 silly addNamed bootstrap@3.3.6
51 verbose addNamed "3.3.6" is a plain semver version for bootstrap
52 silly mapToRegistry name bootstrap
53 silly mapToRegistry using default registry
54 silly mapToRegistry registry https://registry.npmjs.org/
55 silly mapToRegistry uri https://registry.npmjs.org/bootstrap
56 verbose addRemoteTarball https://registry.npmjs.org/bootstrap/-/bootstrap-3.3.6.tgz not in flight; adding
57 verbose addRemoteTarball [ 'https://registry.npmjs.org/bootstrap/-/bootstrap-3.3.6.tgz',
57 verbose addRemoteTarball   '8de8f749dc8a743f2ac5b510d988371e3daa6589' ]
58 info retry fetch attempt 1 at 01:14:46
59 info attempt registry request try #1 at 01:14:46
60 http fetch GET https://registry.npmjs.org/bootstrap/-/bootstrap-3.3.6.tgz
61 http fetch 200 https://registry.npmjs.org/bootstrap/-/bootstrap-3.3.6.tgz
62 silly fetchAndShaCheck shasum 8de8f749dc8a743f2ac5b510d988371e3daa6589
63 verbose addTmpTarball /tmp/npm-9286-3890263a/registry.npmjs.org/bootstrap/-/bootstrap-3.3.6.tgz not in flight; adding
64 verbose addTmpTarball already have metadata; skipping unpack for bootstrap@3.3.6
65 verbose correctMkdir /home/shreya/.npm correctMkdir not in flight; initializing
66 silly cache afterAdd bootstrap@3.3.6
67 verbose afterAdd /home/shreya/.npm/bootstrap/3.3.6/package/package.json not in flight; writing
68 verbose correctMkdir /home/shreya/.npm correctMkdir not in flight; initializing
69 verbose afterAdd /home/shreya/.npm/bootstrap/3.3.6/package/package.json written
70 silly loadAllDepsIntoIdealTree Finishing
71 silly idealTree:prePrune easyrtc_server_example@0.1.6
71 silly idealTree:prePrune +-- accepts@1.2.13
71 silly idealTree:prePrune +-- active-x-obfuscator@0.0.1
71 silly idealTree:prePrune +-- array-flatten@1.1.1
71 silly idealTree:prePrune +-- async@0.2.10
71 silly idealTree:prePrune +-- base64id@0.1.0
71 silly idealTree:prePrune +-- bootstrap@3.3.6
71 silly idealTree:prePrune +-- colors@1.1.2
71 silly idealTree:prePrune +-- commander@2.1.0
71 silly idealTree:prePrune +-- content-disposition@0.5.1
71 silly idealTree:prePrune +-- content-type@1.0.1
71 silly idealTree:prePrune +-- cookie-signature@1.0.6
71 silly idealTree:prePrune +-- cookie@0.1.5
71 silly idealTree:prePrune +-- debug@2.2.0
71 silly idealTree:prePrune +-- depd@1.1.0
71 silly idealTree:prePrune +-- destroy@1.0.4
71 silly idealTree:prePrune +-- easyrtc@1.0.15
71 silly idealTree:prePrune +-- ee-first@1.1.1
71 silly idealTree:prePrune +-- escape-html@1.0.3
71 silly idealTree:prePrune +-- etag@1.7.0
71 silly idealTree:prePrune +-- express@4.13.4
71 silly idealTree:prePrune +-- finalhandler@0.4.1
71 silly idealTree:prePrune +-- forwarded@0.1.0
71 silly idealTree:prePrune +-- fresh@0.3.0
71 silly idealTree:prePrune +-- http-errors@1.3.1
71 silly idealTree:prePrune +-- inherits@2.0.1
71 silly idealTree:prePrune +-- ipaddr.js@1.0.5
71 silly idealTree:prePrune +-- media-typer@0.3.0
71 silly idealTree:prePrune +-- merge-descriptors@1.0.1
71 silly idealTree:prePrune +-- methods@1.1.2
71 silly idealTree:prePrune +-- mime-db@1.22.0
71 silly idealTree:prePrune +-- mime-types@2.1.10
71 silly idealTree:prePrune +-- mime@1.3.4
71 silly idealTree:prePrune +-- ms@0.7.1
71 silly idealTree:prePrune +-- nan@1.0.0
71 silly idealTree:prePrune +-- negotiator@0.5.3
71 silly idealTree:prePrune +-- on-finished@2.3.0
71 silly idealTree:prePrune +-- options@0.0.6
71 silly idealTree:prePrune +-- parseurl@1.3.1
71 silly idealTree:prePrune +-- path-to-regexp@0.1.7
71 silly idealTree:prePrune +-- policyfile@0.0.4
71 silly idealTree:prePrune +-- proxy-addr@1.0.10
71 silly idealTree:prePrune +-- qs@4.0.0
71 silly idealTree:prePrune +-- range-parser@1.0.3
71 silly idealTree:prePrune +-- redis@0.7.3
71 silly idealTree:prePrune +-- send@0.13.1
71 silly idealTree:prePrune +-- serve-static@1.10.2
71 silly idealTree:prePrune +-- socket.io-client@0.9.16
71 silly idealTree:prePrune +-- socket.io@0.9.17
71 silly idealTree:prePrune +-- statuses@1.2.1
71 silly idealTree:prePrune +-- tinycolor@0.0.1
71 silly idealTree:prePrune +-- type-is@1.6.11
71 silly idealTree:prePrune +-- uglify-js@1.2.5
71 silly idealTree:prePrune +-- underscore@1.5.2
71 silly idealTree:prePrune +-- unpipe@1.0.0
71 silly idealTree:prePrune +-- utils-merge@1.0.0
71 silly idealTree:prePrune +-- vary@1.0.1
71 silly idealTree:prePrune +-- ws@0.4.32
71 silly idealTree:prePrune +-- xmlhttprequest@1.4.2
71 silly idealTree:prePrune `-- zeparser@0.0.5
72 silly loadIdealTree Finishing
73 silly currentTree easyrtc_server_example@0.1.6
73 silly currentTree +-- accepts@1.2.13
73 silly currentTree +-- active-x-obfuscator@0.0.1
73 silly currentTree +-- array-flatten@1.1.1
73 silly currentTree +-- async@0.2.10
73 silly currentTree +-- base64id@0.1.0
73 silly currentTree +-- colors@1.1.2
73 silly currentTree +-- commander@2.1.0
73 silly currentTree +-- content-disposition@0.5.1
73 silly currentTree +-- content-type@1.0.1
73 silly currentTree +-- cookie-signature@1.0.6
73 silly currentTree +-- cookie@0.1.5
73 silly currentTree +-- debug@2.2.0
73 silly currentTree +-- depd@1.1.0
73 silly currentTree +-- destroy@1.0.4
73 silly currentTree +-- easyrtc@1.0.15
73 silly currentTree +-- ee-first@1.1.1
73 silly currentTree +-- escape-html@1.0.3
73 silly currentTree +-- etag@1.7.0
73 silly currentTree +-- express@4.13.4
73 silly currentTree +-- finalhandler@0.4.1
73 silly currentTree +-- forwarded@0.1.0
73 silly currentTree +-- fresh@0.3.0
73 silly currentTree +-- http-errors@1.3.1
73 silly currentTree +-- inherits@2.0.1
73 silly currentTree +-- ipaddr.js@1.0.5
73 silly currentTree +-- media-typer@0.3.0
73 silly currentTree +-- merge-descriptors@1.0.1
73 silly currentTree +-- methods@1.1.2
73 silly currentTree +-- mime-db@1.22.0
73 silly currentTree +-- mime-types@2.1.10
73 silly currentTree +-- mime@1.3.4
73 silly currentTree +-- ms@0.7.1
73 silly currentTree +-- nan@1.0.0
73 silly currentTree +-- negotiator@0.5.3
73 silly currentTree +-- on-finished@2.3.0
73 silly currentTree +-- options@0.0.6
73 silly currentTree +-- parseurl@1.3.1
73 silly currentTree +-- path-to-regexp@0.1.7
73 silly currentTree +-- policyfile@0.0.4
73 silly currentTree +-- proxy-addr@1.0.10
73 silly currentTree +-- qs@4.0.0
73 silly currentTree +-- range-parser@1.0.3
73 silly currentTree +-- redis@0.7.3
73 silly currentTree +-- send@0.13.1
73 silly currentTree +-- serve-static@1.10.2
73 silly currentTree +-- socket.io-client@0.9.16
73 silly currentTree +-- socket.io@0.9.17
73 silly currentTree +-- statuses@1.2.1
73 silly currentTree +-- tinycolor@0.0.1
73 silly currentTree +-- type-is@1.6.11
73 silly currentTree +-- uglify-js@1.2.5
73 silly currentTree +-- underscore@1.5.2
73 silly currentTree +-- unpipe@1.0.0
73 silly currentTree +-- utils-merge@1.0.0
73 silly currentTree +-- vary@1.0.1
73 silly currentTree +-- ws@0.4.32
73 silly currentTree +-- xmlhttprequest@1.4.2
73 silly currentTree `-- zeparser@0.0.5
74 silly idealTree easyrtc_server_example@0.1.6
74 silly idealTree +-- accepts@1.2.13
74 silly idealTree +-- active-x-obfuscator@0.0.1
74 silly idealTree +-- array-flatten@1.1.1
74 silly idealTree +-- async@0.2.10
74 silly idealTree +-- base64id@0.1.0
74 silly idealTree +-- bootstrap@3.3.6
74 silly idealTree +-- colors@1.1.2
74 silly idealTree +-- commander@2.1.0
74 silly idealTree +-- content-disposition@0.5.1
74 silly idealTree +-- content-type@1.0.1
74 silly idealTree +-- cookie-signature@1.0.6
74 silly idealTree +-- cookie@0.1.5
74 silly idealTree +-- debug@2.2.0
74 silly idealTree +-- depd@1.1.0
74 silly idealTree +-- destroy@1.0.4
74 silly idealTree +-- easyrtc@1.0.15
74 silly idealTree +-- ee-first@1.1.1
74 silly idealTree +-- escape-html@1.0.3
74 silly idealTree +-- etag@1.7.0
74 silly idealTree +-- express@4.13.4
74 silly idealTree +-- finalhandler@0.4.1
74 silly idealTree +-- forwarded@0.1.0
74 silly idealTree +-- fresh@0.3.0
74 silly idealTree +-- http-errors@1.3.1
74 silly idealTree +-- inherits@2.0.1
74 silly idealTree +-- ipaddr.js@1.0.5
74 silly idealTree +-- media-typer@0.3.0
74 silly idealTree +-- merge-descriptors@1.0.1
74 silly idealTree +-- methods@1.1.2
74 silly idealTree +-- mime-db@1.22.0
74 silly idealTree +-- mime-types@2.1.10
74 silly idealTree +-- mime@1.3.4
74 silly idealTree +-- ms@0.7.1
74 silly idealTree +-- nan@1.0.0
74 silly idealTree +-- negotiator@0.5.3
74 silly idealTree +-- on-finished@2.3.0
74 silly idealTree +-- options@0.0.6
74 silly idealTree +-- parseurl@1.3.1
74 silly idealTree +-- path-to-regexp@0.1.7
74 silly idealTree +-- policyfile@0.0.4
74 silly idealTree +-- proxy-addr@1.0.10
74 silly idealTree +-- qs@4.0.0
74 silly idealTree +-- range-parser@1.0.3
74 silly idealTree +-- redis@0.7.3
74 silly idealTree +-- send@0.13.1
74 silly idealTree +-- serve-static@1.10.2
74 silly idealTree +-- socket.io-client@0.9.16
74 silly idealTree +-- socket.io@0.9.17
74 silly idealTree +-- statuses@1.2.1
74 silly idealTree +-- tinycolor@0.0.1
74 silly idealTree +-- type-is@1.6.11
74 silly idealTree +-- uglify-js@1.2.5
74 silly idealTree +-- underscore@1.5.2
74 silly idealTree +-- unpipe@1.0.0
74 silly idealTree +-- utils-merge@1.0.0
74 silly idealTree +-- vary@1.0.1
74 silly idealTree +-- ws@0.4.32
74 silly idealTree +-- xmlhttprequest@1.4.2
74 silly idealTree `-- zeparser@0.0.5
75 silly generateActionsToTake Starting
76 silly install generateActionsToTake
77 warn checkPermissions Missing write access to /home/shreya/Desktop/EasyRTC/node_modules
78 silly rollbackFailedOptional Starting
79 silly rollbackFailedOptional Finishing
80 silly runTopLevelLifecycles Starting
81 silly runTopLevelLifecycles Finishing
82 silly install printInstalled
83 verbose stack Error: EACCES, access '/home/shreya/Desktop/EasyRTC/node_modules'
83 verbose stack     at module.exports (/usr/lib/node_modules/npm/lib/install/access-error.js:4:18)
83 verbose stack     at /usr/lib/node_modules/npm/lib/install/writable.js:30:25
83 verbose stack     at /usr/lib/node_modules/npm/node_modules/graceful-fs/graceful-fs.js:232:16
83 verbose stack     at Object.oncomplete (fs.js:108:15)
84 verbose cwd /home/shreya/Desktop/EasyRTC
85 error Linux 3.13.0-32-generic
86 error argv "node" "/usr/bin/npm" "install" "bootstrap"
87 error node v0.10.42
88 error npm  v3.7.5
89 error path /home/shreya/Desktop/EasyRTC/node_modules
90 error code EACCES
91 error Error: EACCES, access '/home/shreya/Desktop/EasyRTC/node_modules'
91 error     at module.exports (/usr/lib/node_modules/npm/lib/install/access-error.js:4:18)
91 error     at /usr/lib/node_modules/npm/lib/install/writable.js:30:25
91 error     at /usr/lib/node_modules/npm/node_modules/graceful-fs/graceful-fs.js:232:16
91 error     at Object.oncomplete (fs.js:108:15)
91 error  { [Error: EACCES, access '/home/shreya/Desktop/EasyRTC/node_modules']
91 error   code: 'EACCES',
91 error   path: '/home/shreya/Desktop/EasyRTC/node_modules' }
92 error Please try running this command again as root/Administrator.
93 verbose exit [ 1, true ]
